<?xml version="1.0" encoding="UTF-8"?>
<!-- Generated by org.testng.reporters.JUnitReportReporter -->
<testsuite hostname="RAJESHLAP" failures="0" tests="2" name="com.Ecommerce.Scripts.TestCase_Search" time="4.793" errors="0" timestamp="2024-06-27T11:22:58 IST" skipped="0">
  <testcase classname="com.Ecommerce.Scripts.TestCase_Search" name="search" time="2.876"/>
  <system-out/>
  <testcase classname="com.Ecommerce.Scripts.TestCase_Search" name="price_sorting" time="1.917"/>
  <system-out/>
</testsuite> <!-- com.Ecommerce.Scripts.TestCase_Search -->
