<?xml version="1.0" encoding="UTF-8"?>
<!-- Generated by org.testng.reporters.JUnitReportReporter -->
<testsuite hostname="RAJESHLAP" failures="0" tests="1" name="com.Ecommerce.Scripts.TestCase_Register" time="12.010" errors="0" timestamp="2024-06-26T18:58:07 IST" skipped="0">
  <testcase classname="com.Ecommerce.Scripts.TestCase_Register" name="register" time="12.010"/>
  <system-out/>
</testsuite> <!-- com.Ecommerce.Scripts.TestCase_Register -->
