<?xml version="1.0" encoding="UTF-8"?>
<!-- Generated by org.testng.reporters.JUnitReportReporter -->
<testsuite hostname="RAJESHLAP" failures="0" tests="1" name="com.Ecommerce.Scripts.Login_Check" time="6.658" errors="0" timestamp="2024-06-27T11:22:58 IST" skipped="0">
  <testcase classname="com.Ecommerce.Scripts.Login_Check" name="loginverification" time="6.658"/>
  <system-out/>
</testsuite> <!-- com.Ecommerce.Scripts.Login_Check -->
