<?xml version="1.0" encoding="UTF-8"?>
<!-- Generated by org.testng.reporters.JUnitReportReporter -->
<testsuite hostname="RAJESHLAP" failures="0" tests="1" name="com.Ecommerce.Scripts.TestDemo" time="0.009" errors="0" timestamp="2024-06-25T11:13:07 IST" skipped="0">
  <testcase classname="com.Ecommerce.Scripts.TestDemo" name="check" time="0.009"/>
  <system-out/>
</testsuite> <!-- com.Ecommerce.Scripts.TestDemo -->
