<?xml version="1.0" encoding="UTF-8"?>
<!-- Generated by org.testng.reporters.JUnitReportReporter -->
<testsuite hostname="RAJESHLAP" failures="0" tests="1" name="com.Ecommerce.Scripts.LogutCheck" time="0.026" errors="0" timestamp="2024-06-25T18:32:51 IST" skipped="0">
  <testcase classname="com.Ecommerce.Scripts.LogutCheck" name="LogoutTest" time="0.026"/>
  <system-out/>
</testsuite> <!-- com.Ecommerce.Scripts.LogutCheck -->
